Build started 5/3/2019 1:20:27 AM.
     1>Project "C:\Users\Mahmoud Pc\Desktop\Mahmoud's Codes\Mr.SFML\Mr.SFML\Mr.SFML.vcxproj" on node 2 (Build target(s)).
     1>ClCompile:
         C:\Program Files (x86)\Microsoft Visual Studio 12.0\VC\bin\CL.exe /c /I"C:\Users\Mahmoud Pc\Desktop\Mahmoud's Codes\Mr.SFML\/SFML-2.5.1/include" /ZI /nologo /W3 /WX- /Od /Oy- /D WIN32 /D _DEBUG /D _CONSOLE /D _LIB /D _UNICODE /D UNICODE /Gm /EHsc /RTC1 /MDd /GS /fp:precise /Zc:wchar_t /Zc:forScope /Fo"Debug\\" /Fd"Debug\vc120.pdb" /Gd /TP /analyze- /errorReport:prompt "..\..\..\Mahmoud's Codes\Mr.SFML\Mr.SFML\main.cpp"
         main.cpp
     1>c:\users\mahmoud pc\desktop\mahmoud's codes\mr.sfml\mr.sfml\main.cpp(16): warning C4244: 'argument' : conversion from 'unsigned int' to 'float', possible loss of data
     1>c:\users\mahmoud pc\desktop\mahmoud's codes\mr.sfml\mr.sfml\main.cpp(45): warning C4305: 'argument' : truncation from 'double' to 'float'
     1>c:\users\mahmoud pc\desktop\mahmoud's codes\mr.sfml\mr.sfml\main.cpp(54): warning C4305: 'argument' : truncation from 'double' to 'float'
     1>c:\users\mahmoud pc\desktop\mahmoud's codes\mr.sfml\mr.sfml\main.cpp(65): warning C4305: 'argument' : truncation from 'double' to 'float'
     1>c:\users\mahmoud pc\desktop\mahmoud's codes\mr.sfml\mr.sfml\main.cpp(75): warning C4305: 'argument' : truncation from 'double' to 'float'
     1>c:\users\mahmoud pc\desktop\mahmoud's codes\mr.sfml\mr.sfml\main.cpp(85): warning C4305: 'argument' : truncation from 'double' to 'float'
     1>c:\users\mahmoud pc\desktop\mahmoud's codes\mr.sfml\mr.sfml\main.cpp(93): warning C4996: 'sf::Text::setColor': was declared deprecated
                 c:\users\mahmoud pc\desktop\mahmoud's codes\mr.sfml\sfml-2.5.1\include\sfml\graphics\text.hpp(210) : see declaration of 'sf::Text::setColor'
     1>c:\users\mahmoud pc\desktop\mahmoud's codes\mr.sfml\mr.sfml\main.cpp(99): warning C4996: 'sf::Text::setColor': was declared deprecated
                 c:\users\mahmoud pc\desktop\mahmoud's codes\mr.sfml\sfml-2.5.1\include\sfml\graphics\text.hpp(210) : see declaration of 'sf::Text::setColor'
     1>c:\users\mahmoud pc\desktop\mahmoud's codes\mr.sfml\mr.sfml\main.cpp(129): warning C4244: 'argument' : conversion from 'int' to 'float', possible loss of data
     1>c:\users\mahmoud pc\desktop\mahmoud's codes\mr.sfml\mr.sfml\main.cpp(137): warning C4996: 'sf::Text::setColor': was declared deprecated
                 c:\users\mahmoud pc\desktop\mahmoud's codes\mr.sfml\sfml-2.5.1\include\sfml\graphics\text.hpp(210) : see declaration of 'sf::Text::setColor'
     1>c:\users\mahmoud pc\desktop\mahmoud's codes\mr.sfml\mr.sfml\main.cpp(179): warning C4996: 'sf::Text::setColor': was declared deprecated
                 c:\users\mahmoud pc\desktop\mahmoud's codes\mr.sfml\sfml-2.5.1\include\sfml\graphics\text.hpp(210) : see declaration of 'sf::Text::setColor'
     1>c:\users\mahmoud pc\desktop\mahmoud's codes\mr.sfml\mr.sfml\main.cpp(185): warning C4996: 'sf::Text::setColor': was declared deprecated
                 c:\users\mahmoud pc\desktop\mahmoud's codes\mr.sfml\sfml-2.5.1\include\sfml\graphics\text.hpp(210) : see declaration of 'sf::Text::setColor'
     1>c:\users\mahmoud pc\desktop\mahmoud's codes\mr.sfml\mr.sfml\main.cpp(189): warning C4996: 'sf::Text::setColor': was declared deprecated
                 c:\users\mahmoud pc\desktop\mahmoud's codes\mr.sfml\sfml-2.5.1\include\sfml\graphics\text.hpp(210) : see declaration of 'sf::Text::setColor'
     1>c:\users\mahmoud pc\desktop\mahmoud's codes\mr.sfml\mr.sfml\main.cpp(222): warning C4996: 'sf::Text::setColor': was declared deprecated
                 c:\users\mahmoud pc\desktop\mahmoud's codes\mr.sfml\sfml-2.5.1\include\sfml\graphics\text.hpp(210) : see declaration of 'sf::Text::setColor'
     1>c:\users\mahmoud pc\desktop\mahmoud's codes\mr.sfml\mr.sfml\main.cpp(267): warning C4996: 'sf::Text::setColor': was declared deprecated
                 c:\users\mahmoud pc\desktop\mahmoud's codes\mr.sfml\sfml-2.5.1\include\sfml\graphics\text.hpp(210) : see declaration of 'sf::Text::setColor'
     1>c:\users\mahmoud pc\desktop\mahmoud's codes\mr.sfml\mr.sfml\main.cpp(307): warning C4996: 'sf::Text::setColor': was declared deprecated
                 c:\users\mahmoud pc\desktop\mahmoud's codes\mr.sfml\sfml-2.5.1\include\sfml\graphics\text.hpp(210) : see declaration of 'sf::Text::setColor'
     1>c:\users\mahmoud pc\desktop\mahmoud's codes\mr.sfml\mr.sfml\main.cpp(312): warning C4996: 'sf::Text::setColor': was declared deprecated
                 c:\users\mahmoud pc\desktop\mahmoud's codes\mr.sfml\sfml-2.5.1\include\sfml\graphics\text.hpp(210) : see declaration of 'sf::Text::setColor'
     1>c:\users\mahmoud pc\desktop\mahmoud's codes\mr.sfml\mr.sfml\main.cpp(317): warning C4996: 'sf::Text::setColor': was declared deprecated
                 c:\users\mahmoud pc\desktop\mahmoud's codes\mr.sfml\sfml-2.5.1\include\sfml\graphics\text.hpp(210) : see declaration of 'sf::Text::setColor'
     1>c:\users\mahmoud pc\desktop\mahmoud's codes\mr.sfml\mr.sfml\main.cpp(322): warning C4996: 'sf::Text::setColor': was declared deprecated
                 c:\users\mahmoud pc\desktop\mahmoud's codes\mr.sfml\sfml-2.5.1\include\sfml\graphics\text.hpp(210) : see declaration of 'sf::Text::setColor'
     1>c:\users\mahmoud pc\desktop\mahmoud's codes\mr.sfml\mr.sfml\main.cpp(327): warning C4996: 'sf::Text::setColor': was declared deprecated
                 c:\users\mahmoud pc\desktop\mahmoud's codes\mr.sfml\sfml-2.5.1\include\sfml\graphics\text.hpp(210) : see declaration of 'sf::Text::setColor'
     1>c:\users\mahmoud pc\desktop\mahmoud's codes\mr.sfml\mr.sfml\main.cpp(332): warning C4996: 'sf::Text::setColor': was declared deprecated
                 c:\users\mahmoud pc\desktop\mahmoud's codes\mr.sfml\sfml-2.5.1\include\sfml\graphics\text.hpp(210) : see declaration of 'sf::Text::setColor'
     1>c:\users\mahmoud pc\desktop\mahmoud's codes\mr.sfml\mr.sfml\main.cpp(337): warning C4996: 'sf::Text::setColor': was declared deprecated
                 c:\users\mahmoud pc\desktop\mahmoud's codes\mr.sfml\sfml-2.5.1\include\sfml\graphics\text.hpp(210) : see declaration of 'sf::Text::setColor'
       Link:
         C:\Program Files (x86)\Microsoft Visual Studio 12.0\VC\bin\link.exe /ERRORREPORT:PROMPT /OUT:"C:\Users\Mahmoud Pc\Desktop\Mahmoud's Codes\Mr.SFML\Debug\Mr.SFML.exe" /INCREMENTAL /NOLOGO /LIBPATH:"C:\Users\Mahmoud Pc\Desktop\Mahmoud's Codes\Mr.SFML\/SFML-2.5.1/lib" "sfml-main-d.lib" "sfml-graphics-d.lib" "sfml-window-d.lib" "sfml-system-d.lib" "sfml-audio-d.lib" "sfml-network-d.lib" kernel32.lib user32.lib gdi32.lib winspool.lib comdlg32.lib advapi32.lib shell32.lib ole32.lib oleaut32.lib uuid.lib odbc32.lib odbccp32.lib /MANIFEST /MANIFESTUAC:"level='asInvoker' uiAccess='false'" /manifest:embed /DEBUG /PDB:"C:\Users\Mahmoud Pc\Desktop\Mahmoud's Codes\Mr.SFML\Debug\Mr.SFML.pdb" /SUBSYSTEM:CONSOLE /TLBID:1 /DYNAMICBASE /NXCOMPAT /IMPLIB:"C:\Users\Mahmoud Pc\Desktop\Mahmoud's Codes\Mr.SFML\Debug\Mr.SFML.lib" /MACHINE:X86 Debug\main.obj
         Debug\Menu.obj
         Mr.SFML.vcxproj -> C:\Users\Mahmoud Pc\Desktop\Mahmoud's Codes\Mr.SFML\Debug\Mr.SFML.exe
     1>Done Building Project "C:\Users\Mahmoud Pc\Desktop\Mahmoud's Codes\Mr.SFML\Mr.SFML\Mr.SFML.vcxproj" (Build target(s)).

Build succeeded.

Time Elapsed 00:00:14.06
